  2_NetPrServer.cpp
c:\users\roman\documents\visual studio 2017\projects\netpr\2_netprserver\2_netprserver.cpp(42): warning C4551: в вызове функции отсутствует список аргументов
c:\users\roman\documents\visual studio 2017\projects\netpr\2_netprserver\2_netprserver.cpp(43): warning C4996: 'inet_addr': Use inet_pton() or InetPton() instead or define _WINSOCK_DEPRECATED_NO_WARNINGS to disable deprecated API warnings
  c:\program files (x86)\windows kits\10\include\10.0.15063.0\um\winsock2.h(1830): note:  см. объявление "inet_addr"
c:\users\roman\documents\visual studio 2017\projects\netpr\2_netprserver\2_netprserver.cpp(52): warning C4996: 'sprintf': This function or variable may be unsafe. Consider using sprintf_s instead. To disable deprecation, use _CRT_SECURE_NO_WARNINGS. See online help for details.
  c:\program files (x86)\windows kits\10\include\10.0.15063.0\ucrt\stdio.h(1772): note:  см. объявление "sprintf"
c:\users\roman\documents\visual studio 2017\projects\netpr\2_netprserver\2_netprserver.cpp(100): warning C4996: 'strcat': This function or variable may be unsafe. Consider using strcat_s instead. To disable deprecation, use _CRT_SECURE_NO_WARNINGS. See online help for details.
  c:\program files (x86)\windows kits\10\include\10.0.15063.0\ucrt\string.h(93): note:  см. объявление "strcat"
c:\users\roman\documents\visual studio 2017\projects\netpr\2_netprserver\2_netprserver.cpp(101): warning C4996: 'strcat': This function or variable may be unsafe. Consider using strcat_s instead. To disable deprecation, use _CRT_SECURE_NO_WARNINGS. See online help for details.
  c:\program files (x86)\windows kits\10\include\10.0.15063.0\ucrt\string.h(93): note:  см. объявление "strcat"
c:\users\roman\documents\visual studio 2017\projects\netpr\2_netprserver\2_netprserver.cpp(115): warning C4996: 'sscanf': This function or variable may be unsafe. Consider using sscanf_s instead. To disable deprecation, use _CRT_SECURE_NO_WARNINGS. See online help for details.
  c:\program files (x86)\windows kits\10\include\10.0.15063.0\ucrt\stdio.h(2260): note:  см. объявление "sscanf"
c:\users\roman\documents\visual studio 2017\projects\netpr\2_netprserver\2_netprserver.cpp(116): warning C4996: 'sscanf': This function or variable may be unsafe. Consider using sscanf_s instead. To disable deprecation, use _CRT_SECURE_NO_WARNINGS. See online help for details.
  c:\program files (x86)\windows kits\10\include\10.0.15063.0\ucrt\stdio.h(2260): note:  см. объявление "sscanf"
c:\users\roman\documents\visual studio 2017\projects\netpr\2_netprserver\2_netprserver.cpp(117): warning C4996: 'sscanf': This function or variable may be unsafe. Consider using sscanf_s instead. To disable deprecation, use _CRT_SECURE_NO_WARNINGS. See online help for details.
  c:\program files (x86)\windows kits\10\include\10.0.15063.0\ucrt\stdio.h(2260): note:  см. объявление "sscanf"
c:\users\roman\documents\visual studio 2017\projects\netpr\2_netprserver\2_netprserver.cpp(123): warning C4996: 'strcpy': This function or variable may be unsafe. Consider using strcpy_s instead. To disable deprecation, use _CRT_SECURE_NO_WARNINGS. See online help for details.
  c:\program files (x86)\windows kits\10\include\10.0.15063.0\ucrt\string.h(136): note:  см. объявление "strcpy"
c:\users\roman\documents\visual studio 2017\projects\netpr\2_netprserver\2_netprserver.cpp(139): warning C4996: 'inet_ntoa': Use inet_ntop() or InetNtop() instead or define _WINSOCK_DEPRECATED_NO_WARNINGS to disable deprecated API warnings
  c:\program files (x86)\windows kits\10\include\10.0.15063.0\um\winsock2.h(1848): note:  см. объявление "inet_ntoa"
c:\users\roman\documents\visual studio 2017\projects\netpr\2_netprserver\2_netprserver.cpp(142): warning C4996: 'fopen': This function or variable may be unsafe. Consider using fopen_s instead. To disable deprecation, use _CRT_SECURE_NO_WARNINGS. See online help for details.
  c:\program files (x86)\windows kits\10\include\10.0.15063.0\ucrt\stdio.h(207): note:  см. объявление "fopen"
  2_NetPrServer.vcxproj -> c:\users\roman\documents\visual studio 2017\Projects\NetPr\Debug\2_NetPrServer.exe
  2_NetPrServer.vcxproj -> c:\users\roman\documents\visual studio 2017\Projects\NetPr\Debug\2_NetPrServer.pdb (Partial PDB)
