  stdafx.cpp
  NetPrServer.cpp
c:\users\roman\documents\visual studio 2017\projects\netpr\netprserver\netprserver.cpp(40): warning C4551: в вызове функции отсутствует список аргументов
c:\users\roman\documents\visual studio 2017\projects\netpr\netprserver\netprserver.cpp(41): warning C4996: 'inet_addr': Use inet_pton() or InetPton() instead or define _WINSOCK_DEPRECATED_NO_WARNINGS to disable deprecated API warnings
  c:\program files (x86)\windows kits\10\include\10.0.15063.0\um\winsock2.h(1830): note:  см. объявление "inet_addr"
c:\users\roman\documents\visual studio 2017\projects\netpr\netprserver\netprserver.cpp(50): warning C4996: 'sprintf': This function or variable may be unsafe. Consider using sprintf_s instead. To disable deprecation, use _CRT_SECURE_NO_WARNINGS. See online help for details.
  c:\program files (x86)\windows kits\10\include\10.0.15063.0\ucrt\stdio.h(1772): note:  см. объявление "sprintf"
c:\users\roman\documents\visual studio 2017\projects\netpr\netprserver\netprserver.cpp(89): warning C4996: 'strcat': This function or variable may be unsafe. Consider using strcat_s instead. To disable deprecation, use _CRT_SECURE_NO_WARNINGS. See online help for details.
  c:\program files (x86)\windows kits\10\include\10.0.15063.0\ucrt\string.h(93): note:  см. объявление "strcat"
c:\users\roman\documents\visual studio 2017\projects\netpr\netprserver\netprserver.cpp(90): warning C4996: 'strcat': This function or variable may be unsafe. Consider using strcat_s instead. To disable deprecation, use _CRT_SECURE_NO_WARNINGS. See online help for details.
  c:\program files (x86)\windows kits\10\include\10.0.15063.0\ucrt\string.h(93): note:  см. объявление "strcat"
c:\users\roman\documents\visual studio 2017\projects\netpr\netprserver\netprserver.cpp(104): warning C4996: 'sscanf': This function or variable may be unsafe. Consider using sscanf_s instead. To disable deprecation, use _CRT_SECURE_NO_WARNINGS. See online help for details.
  c:\program files (x86)\windows kits\10\include\10.0.15063.0\ucrt\stdio.h(2260): note:  см. объявление "sscanf"
c:\users\roman\documents\visual studio 2017\projects\netpr\netprserver\netprserver.cpp(105): warning C4996: 'sscanf': This function or variable may be unsafe. Consider using sscanf_s instead. To disable deprecation, use _CRT_SECURE_NO_WARNINGS. See online help for details.
  c:\program files (x86)\windows kits\10\include\10.0.15063.0\ucrt\stdio.h(2260): note:  см. объявление "sscanf"
c:\users\roman\documents\visual studio 2017\projects\netpr\netprserver\netprserver.cpp(106): warning C4996: 'sscanf': This function or variable may be unsafe. Consider using sscanf_s instead. To disable deprecation, use _CRT_SECURE_NO_WARNINGS. See online help for details.
  c:\program files (x86)\windows kits\10\include\10.0.15063.0\ucrt\stdio.h(2260): note:  см. объявление "sscanf"
c:\users\roman\documents\visual studio 2017\projects\netpr\netprserver\netprserver.cpp(112): warning C4996: 'strcpy': This function or variable may be unsafe. Consider using strcpy_s instead. To disable deprecation, use _CRT_SECURE_NO_WARNINGS. See online help for details.
  c:\program files (x86)\windows kits\10\include\10.0.15063.0\ucrt\string.h(136): note:  см. объявление "strcpy"
c:\users\roman\documents\visual studio 2017\projects\netpr\netprserver\netprserver.cpp(128): warning C4996: 'inet_ntoa': Use inet_ntop() or InetNtop() instead or define _WINSOCK_DEPRECATED_NO_WARNINGS to disable deprecated API warnings
  c:\program files (x86)\windows kits\10\include\10.0.15063.0\um\winsock2.h(1848): note:  см. объявление "inet_ntoa"
c:\users\roman\documents\visual studio 2017\projects\netpr\netprserver\netprserver.cpp(131): warning C4996: 'fopen': This function or variable may be unsafe. Consider using fopen_s instead. To disable deprecation, use _CRT_SECURE_NO_WARNINGS. See online help for details.
  c:\program files (x86)\windows kits\10\include\10.0.15063.0\ucrt\stdio.h(207): note:  см. объявление "fopen"
  NetPrServer.vcxproj -> C:\Users\Roman\Documents\Visual Studio 2017\Projects\NetPr\Debug\NetPrServer.exe
  NetPrServer.vcxproj -> C:\Users\Roman\Documents\Visual Studio 2017\Projects\NetPr\Debug\NetPrServer.pdb (Partial PDB)
