  stdafx.cpp
  2_NetPr.cpp
c:\users\roman\documents\visual studio 2017\projects\netpr\2_netpr\2_netpr.cpp(45): warning C4996: 'inet_addr': Use inet_pton() or InetPton() instead or define _WINSOCK_DEPRECATED_NO_WARNINGS to disable deprecated API warnings
  c:\program files (x86)\windows kits\10\include\10.0.15063.0\um\winsock2.h(1830): note:  см. объявление "inet_addr"
c:\users\roman\documents\visual studio 2017\projects\netpr\2_netpr\2_netpr.cpp(50): warning C4996: 'sprintf': This function or variable may be unsafe. Consider using sprintf_s instead. To disable deprecation, use _CRT_SECURE_NO_WARNINGS. See online help for details.
  c:\program files (x86)\windows kits\10\include\10.0.15063.0\ucrt\stdio.h(1772): note:  см. объявление "sprintf"
c:\users\roman\documents\visual studio 2017\projects\netpr\2_netpr\2_netpr.cpp(67): warning C4996: 'fopen': This function or variable may be unsafe. Consider using fopen_s instead. To disable deprecation, use _CRT_SECURE_NO_WARNINGS. See online help for details.
  c:\program files (x86)\windows kits\10\include\10.0.15063.0\ucrt\stdio.h(207): note:  см. объявление "fopen"
c:\users\roman\documents\visual studio 2017\projects\netpr\2_netpr\2_netpr.cpp(79): warning C4996: 'sprintf': This function or variable may be unsafe. Consider using sprintf_s instead. To disable deprecation, use _CRT_SECURE_NO_WARNINGS. See online help for details.
  c:\program files (x86)\windows kits\10\include\10.0.15063.0\ucrt\stdio.h(1772): note:  см. объявление "sprintf"
c:\users\roman\documents\visual studio 2017\projects\netpr\2_netpr\2_netpr.cpp(17): warning C4101: rc: неиспользованная локальная переменная
c:\users\roman\documents\visual studio 2017\projects\netpr\2_netpr\2_netpr.cpp(116): warning C4996: 'strcat': This function or variable may be unsafe. Consider using strcat_s instead. To disable deprecation, use _CRT_SECURE_NO_WARNINGS. See online help for details.
  c:\program files (x86)\windows kits\10\include\10.0.15063.0\ucrt\string.h(93): note:  см. объявление "strcat"
c:\users\roman\documents\visual studio 2017\projects\netpr\2_netpr\2_netpr.cpp(117): warning C4996: 'strcat': This function or variable may be unsafe. Consider using strcat_s instead. To disable deprecation, use _CRT_SECURE_NO_WARNINGS. See online help for details.
  c:\program files (x86)\windows kits\10\include\10.0.15063.0\ucrt\string.h(93): note:  см. объявление "strcat"
c:\users\roman\documents\visual studio 2017\projects\netpr\2_netpr\2_netpr.cpp(130): warning C4996: 'sscanf': This function or variable may be unsafe. Consider using sscanf_s instead. To disable deprecation, use _CRT_SECURE_NO_WARNINGS. See online help for details.
  c:\program files (x86)\windows kits\10\include\10.0.15063.0\ucrt\stdio.h(2260): note:  см. объявление "sscanf"
c:\users\roman\documents\visual studio 2017\projects\netpr\2_netpr\2_netpr.cpp(131): warning C4996: 'sscanf': This function or variable may be unsafe. Consider using sscanf_s instead. To disable deprecation, use _CRT_SECURE_NO_WARNINGS. See online help for details.
  c:\program files (x86)\windows kits\10\include\10.0.15063.0\ucrt\stdio.h(2260): note:  см. объявление "sscanf"
c:\users\roman\documents\visual studio 2017\projects\netpr\2_netpr\2_netpr.cpp(137): warning C4996: 'strcpy': This function or variable may be unsafe. Consider using strcpy_s instead. To disable deprecation, use _CRT_SECURE_NO_WARNINGS. See online help for details.
  c:\program files (x86)\windows kits\10\include\10.0.15063.0\ucrt\string.h(136): note:  см. объявление "strcpy"
  2_NetPr.vcxproj -> c:\users\roman\documents\visual studio 2017\Projects\NetPr\Debug\2_NetPr.exe
  2_NetPr.vcxproj -> c:\users\roman\documents\visual studio 2017\Projects\NetPr\Debug\2_NetPr.pdb (Partial PDB)
